<?xml version="1.0" encoding="utf-8"?><testsuites><testsuite name="pytest" errors="0" failures="0" skipped="0" tests="81" time="0.210" timestamp="2024-12-17T23:19:35.600850+05:30" hostname="Vinits-MacBook-Pro.local"><testcase classname="tests.test_dict2xml.TestDict2xml" name="test_dict2xml_with_namespaces" time="0.001" /><testcase classname="tests.test_dict2xml.TestDict2xml" name="test_dict2xml_with_xmlns_namespaces" time="0.001" /><testcase classname="tests.test_dict2xml.TestDict2xml" name="test_dict2xml_with_xsi_location" time="0.000" /><testcase classname="tests.test_dict2xml.TestDict2xml" name="test_dict2xml_xsi_xmlns" time="0.000" /><testcase classname="tests.test_dict2xml.TestDict2xml" name="test_item_wrap_true" time="0.000" /><testcase classname="tests.test_dict2xml.TestDict2xml" name="test_item_wrap_false" time="0.000" /><testcase classname="tests.test_dict2xml.TestDict2xml" name="test_dict2xml_with_flat" time="0.001" /><testcase classname="tests.test_dict2xml.TestDict2xml" name="test_dict2xml_omit_list" time="0.000" /><testcase classname="tests.test_dict2xml.TestDict2xml" name="test_dict2xml_with_val_and_custom_attr" time="0.000" /><testcase classname="tests.test_dict2xml.TestDict2xml" name="test_dict2xml_with_ampersand" time="0.000" /><testcase classname="tests.test_dict2xml.TestDict2xml" name="test_dict2xml_with_ampsersand_and_attrs" time="0.000" /><testcase classname="tests.test_dict2xml.TestDict2xml" name="test_dict2xml_list_items_with_attrs" time="0.001" /><testcase classname="tests.test_dict2xml.TestDict2xml" name="test_make_id" time="0.000" /><testcase classname="tests.test_dict2xml.TestDict2xml" name="test_get_unique_id" time="0.000" /><testcase classname="tests.test_dict2xml.TestDict2xml" name="test_key_is_valid_xml" time="0.000" /><testcase classname="tests.test_dict2xml.TestDict2xml" name="test_get_xml_type" time="0.000" /><testcase classname="tests.test_dict2xml.TestDict2xml" name="test_is_primitive_type" time="0.000" /><testcase classname="tests.test_dict2xml.TestDict2xml" name="test_escape_xml" time="0.000" /><testcase classname="tests.test_dict2xml.TestDict2xml" name="test_wrap_cdata" time="0.000" /><testcase classname="tests.test_dict2xml.TestDict2xml" name="test_list_parent_elements" time="0.000" /><testcase classname="tests.test_dict2xml.TestDict2xml" name="test_dict2xml_str_list_header" time="0.000" /><testcase classname="tests.test_dict2xml.TestDict2xml" name="test_list_headers" time="0.000" /><testcase classname="tests.test_dict2xml.TestDict2xml" name="test_list_headers_nested" time="0.000" /><testcase classname="tests.test_dict2xml.TestDict2xml" name="test_list_headers_root" time="0.000" /><testcase classname="tests.test_dict2xml.TestDict2xml" name="test_dict2xml_no_root" time="0.000" /><testcase classname="tests.test_dict2xml.TestDict2xml" name="test_dict2xml_with_root" time="0.000" /><testcase classname="tests.test_dict2xml.TestDict2xml" name="test_dict2xml_with_custom_root" time="0.000" /><testcase classname="tests.test_dict2xml.TestDict2xml" name="test_dict2xml_with_item_func" time="0.001" /><testcase classname="tests.test_dict2xml.TestDict2xml" name="test_dict2xml_with_item_func_issue_151" time="0.000" /><testcase classname="tests.test_dict2xml.TestDict2xml" name="test_dict2xml_issue_151" time="0.000" /><testcase classname="tests.test_dict2xml.TestDict2xml" name="test_dict2xml_attr_type" time="0.000" /><testcase classname="tests.test_dict2xml.TestDict2xml" name="test_get_xml_type_number" time="0.000" /><testcase classname="tests.test_dict2xml.TestDict2xml" name="test_convert_datetime" time="0.000" /><testcase classname="tests.test_dict2xml.TestDict2xml" name="test_basic_conversion" time="0.000" /><testcase classname="tests.test_dict2xml.TestDict2xml" name="test_with_type_attribute" time="0.000" /><testcase classname="tests.test_dict2xml.TestDict2xml" name="test_with_custom_attributes" time="0.000" /><testcase classname="tests.test_dict2xml.TestDict2xml" name="test_valid_key" time="0.000" /><testcase classname="tests.test_dict2xml.TestDict2xml" name="test_convert_kv_with_cdata" time="0.000" /><testcase classname="tests.test_dict2xml.TestDict2xml" name="test_convert_kv_with_attr_type" time="0.000" /><testcase classname="tests.test_dict2xml.TestDict2xml" name="test_make_valid_xml_name_with_invalid_key" time="0.000" /><testcase classname="tests.test_dict2xml.TestDict2xml" name="test_convert_bool_with_attr_type" time="0.000" /><testcase classname="tests.test_dict2xml.TestDict2xml" name="test_convert_none_with_attr_type" time="0.000" /><testcase classname="tests.test_dict2xml.TestDict2xml" name="test_make_valid_xml_name_with_numeric_key" time="0.000" /><testcase classname="tests.test_dict2xml.TestDict2xml" name="test_escape_xml_with_special_chars" time="0.000" /><testcase classname="tests.test_dict2xml.TestDict2xml" name="test_get_xml_type_with_sequence" time="0.000" /><testcase classname="tests.test_dict2xml.TestDict2xml" name="test_get_xml_type_with_none" time="0.000" /><testcase classname="tests.test_dict2xml.TestDict2xml" name="test_dicttoxml_with_xml_namespaces" time="0.000" /><testcase classname="tests.test_dict2xml.TestDict2xml" name="test_datetime_conversion" time="0.000" /><testcase classname="tests.test_dict2xml.TestDict2xml" name="test_list_to_xml_with_primitive_items" time="0.000" /><testcase classname="tests.test_dict2xml.TestDict2xml" name="test_list_to_xml_with_dict_items" time="0.000" /><testcase classname="tests.test_dict2xml.TestDict2xml" name="test_list_to_xml_with_mixed_items" time="0.000" /><testcase classname="tests.test_dict2xml.TestDict2xml" name="test_list_to_xml_with_empty_list" time="0.000" /><testcase classname="tests.test_dict2xml.TestDict2xml" name="test_list_to_xml_with_special_characters" time="0.000" /><testcase classname="tests.test_dict2xml.TestDict2xml" name="test_datetime_conversion_with_isoformat" time="0.000" /><testcase classname="tests.test_dict2xml.TestDict2xml" name="test_date_conversion_with_isoformat" time="0.000" /><testcase classname="tests.test_dict2xml.TestDict2xml" name="test_datetime_conversion_with_attr_type" time="0.000" /><testcase classname="tests.test_dict2xml.TestDict2xml" name="test_date_conversion_with_attr_type" time="0.000" /><testcase classname="tests.test_dict2xml.TestDict2xml" name="test_datetime_conversion_with_custom_attributes" time="0.001" /><testcase classname="tests.test_dict2xml.TestDict2xml" name="test_date_conversion_with_custom_attributes" time="0.000" /><testcase classname="tests.test_json2xml.TestJson2xml" name="test_read_from_json" time="0.001" /><testcase classname="tests.test_json2xml.TestJson2xml" name="test_read_from_invalid_json" time="0.000" /><testcase classname="tests.test_json2xml.TestJson2xml" name="test_read_from_invalid_json2" time="0.001" /><testcase classname="tests.test_json2xml.TestJson2xml" name="test_read_from_jsonstring" time="0.000" /><testcase classname="tests.test_json2xml.TestJson2xml" name="test_read_from_invalid_string1" time="0.000" /><testcase classname="tests.test_json2xml.TestJson2xml" name="test_read_from_invalid_string2" time="0.000" /><testcase classname="tests.test_json2xml.TestJson2xml" name="test_read_from_invalid_jsonstring" time="0.000" /><testcase classname="tests.test_json2xml.TestJson2xml" name="test_json_to_xml_conversion" time="0.001" /><testcase classname="tests.test_json2xml.TestJson2xml" name="test_json_to_xml_empty_data_conversion" time="0.000" /><testcase classname="tests.test_json2xml.TestJson2xml" name="test_custom_wrapper_and_indent" time="0.000" /><testcase classname="tests.test_json2xml.TestJson2xml" name="test_no_wrapper" time="0.000" /><testcase classname="tests.test_json2xml.TestJson2xml" name="test_item_wrap" time="0.001" /><testcase classname="tests.test_json2xml.TestJson2xml" name="test_no_item_wrap" time="0.001" /><testcase classname="tests.test_json2xml.TestJson2xml" name="test_empty_array" time="0.000" /><testcase classname="tests.test_json2xml.TestJson2xml" name="test_attrs" time="0.001" /><testcase classname="tests.test_json2xml.TestJson2xml" name="test_dicttoxml_bug" time="0.000" /><testcase classname="tests.test_json2xml.TestJson2xml" name="test_bad_data" time="0.000" /><testcase classname="tests.test_json2xml.TestJson2xml" name="test_read_boolean_data_from_json" time="0.001" /><testcase classname="tests.test_json2xml.TestJson2xml" name="test_read_boolean_data_from_json2" time="0.001" /><testcase classname="tests.test_json2xml.TestJson2xml" name="test_dict_attr_crash" time="0.000" /><testcase classname="tests.test_json2xml.TestJson2xml" name="test_encoding_pretty_print" time="0.001" /><testcase classname="tests.test_json2xml.TestJson2xml" name="test_encoding_without_pretty_print" time="0.000" /></testsuite></testsuites>